<?xml version="1.0" encoding="UTF-8"?>
<!-- Generated by org.testng.reporters.JUnitXMLReporter -->
<testsuite ignored="0" hostname="DESKTOP-VRBA99Q" failures="2" tests="10" name="Regression" time="24.209" errors="0" timestamp="2021-06-10T12:09:46 EDT">
  <testcase classname="functional.test.TestingLogin" name="webDriverSetup" time="3.694"/>
  <testcase classname="functional.test.TestingLogin" name="typeInSearchBar" time="0.27"/>
  <testcase classname="functional.test.TestingLogin" name="closeBrowser" time="0.044"/>
  <testcase classname="functional.test.GroupsByTestTypes" name="webDriverSetup" time="2.273"/>
  <testcase classname="functional.test.GroupsByTestTypes" name="functionalTestingOne" time="3.062"/>
  <testcase classname="functional.test.GroupsByTestTypes" name="functionalTestingTwo" time="2.111"/>
  <testcase classname="functional.test.GroupsByTestTypes" name="checkLoginTitle" time="10.034">
    <failure type="org.openqa.selenium.NoSuchElementException" message="no such element: Unable to locate element: {&amp;quot;method&amp;quot;:&amp;quot;tag name&amp;quot;,&amp;quot;selector&amp;quot;:&amp;quot;h2&amp;quot;}
  (Session info: chrome=91.0.4472.77)
For documentation on this error, please visit: https://selenium.dev/exceptions/#no_such_element
Build info: version: &amp;apos;4.0.0-beta-1&amp;apos;, revision: &amp;apos;9c03156c2b&amp;apos;
System info: host: &amp;apos;DESKTOP-VRBA99Q&amp;apos;, ip: &amp;apos;192.168.0.55&amp;apos;, os.name: &amp;apos;Windows 10&amp;apos;, os.arch: &amp;apos;amd64&amp;apos;, os.version: &amp;apos;10.0&amp;apos;, java.version: &amp;apos;14.0.2&amp;apos;
Driver info: org.openqa.selenium.chrome.ChromeDriver
Command: [6d15bd75e7bb81a7dae08e39113f021b, findElement {using=tag name, value=h2}]
Capabilities {acceptInsecureCerts: false, browserName: chrome, browserVersion: 91.0.4472.77, chrome: {chromedriverVersion: 91.0.4472.19 (1bf021f248676..., userDataDir: C:\Users\nazif\AppData\Loca...}, goog:chromeOptions: {debuggerAddress: localhost:58368}, javascriptEnabled: true, networkConnectionEnabled: false, pageLoadStrategy: normal, platform: WINDOWS, platformName: WINDOWS, proxy: Proxy(), setWindowRect: true, strictFileInteractability: false, timeouts: {implicit: 0, pageLoad: 300000, script: 30000}, unhandledPromptBehavior: dismiss and notify, webauthn:extension:largeBlob: true, webauthn:virtualAuthenticators: true}
Session ID: 6d15bd75e7bb81a7dae08e39113f021b">
      <![CDATA[org.openqa.selenium.NoSuchElementException: no such element: Unable to locate element: {"method":"tag name","selector":"h2"}
  (Session info: chrome=91.0.4472.77)
For documentation on this error, please visit: https://selenium.dev/exceptions/#no_such_element
Build info: version: '4.0.0-beta-1', revision: '9c03156c2b'
System info: host: 'DESKTOP-VRBA99Q', ip: '192.168.0.55', os.name: 'Windows 10', os.arch: 'amd64', os.version: '10.0', java.version: '14.0.2'
Driver info: org.openqa.selenium.chrome.ChromeDriver
Command: [6d15bd75e7bb81a7dae08e39113f021b, findElement {using=tag name, value=h2}]
Capabilities {acceptInsecureCerts: false, browserName: chrome, browserVersion: 91.0.4472.77, chrome: {chromedriverVersion: 91.0.4472.19 (1bf021f248676..., userDataDir: C:\Users\nazif\AppData\Loca...}, goog:chromeOptions: {debuggerAddress: localhost:58368}, javascriptEnabled: true, networkConnectionEnabled: false, pageLoadStrategy: normal, platform: WINDOWS, platformName: WINDOWS, proxy: Proxy(), setWindowRect: true, strictFileInteractability: false, timeouts: {implicit: 0, pageLoad: 300000, script: 30000}, unhandledPromptBehavior: dismiss and notify, webauthn:extension:largeBlob: true, webauthn:virtualAuthenticators: true}
Session ID: 6d15bd75e7bb81a7dae08e39113f021b
at org.openqa.selenium.remote.codec.w3c.W3CHttpResponseCodec.createException(W3CHttpResponseCodec.java:195)
at org.openqa.selenium.remote.codec.w3c.W3CHttpResponseCodec.decode(W3CHttpResponseCodec.java:128)
at org.openqa.selenium.remote.codec.w3c.W3CHttpResponseCodec.decode(W3CHttpResponseCodec.java:52)
at org.openqa.selenium.remote.HttpCommandExecutor.execute(HttpCommandExecutor.java:181)
at org.openqa.selenium.remote.service.DriverCommandExecutor.invokeExecute(DriverCommandExecutor.java:153)
at org.openqa.selenium.remote.service.DriverCommandExecutor.execute(DriverCommandExecutor.java:128)
at org.openqa.selenium.remote.RemoteWebDriver.execute(RemoteWebDriver.java:620)
at org.openqa.selenium.remote.RemoteWebDriver$Mechanism$2.findElement(RemoteWebDriver.java:1255)
at org.openqa.selenium.remote.RemoteWebDriver.findElement(RemoteWebDriver.java:388)
at org.openqa.selenium.remote.RemoteWebDriver.findElement(RemoteWebDriver.java:382)
at functional.test.GroupsByTestTypes.checkLoginTitle(GroupsByTestTypes.java:52)
at java.base/java.util.ArrayList.forEach(ArrayList.java:1511)
... Removed 32 stack frames]]>
    </failure>
  </testcase> <!-- checkLoginTitle -->
  <testcase classname="functional.test.Assertion" name="webDriverSetup" time="2.608"/>
  <testcase classname="functional.test.Assertion" name="compareText" time="0.021">
    <failure type="org.junit.ComparisonFailure" message="expected:&amp;lt;A/B Test [Control]&amp;gt; but was:&amp;lt;A/B Test [Variation 1]&amp;gt;">
      <![CDATA[org.junit.ComparisonFailure: expected:<A/B Test [Control]> but was:<A/B Test [Variation 1]>
at org.junit.Assert.assertEquals(Assert.java:117)
at org.junit.Assert.assertEquals(Assert.java:146)
at functional.test.Assertion.compareText(Assertion.java:33)
at java.base/java.util.ArrayList.forEach(ArrayList.java:1511)
... Removed 27 stack frames]]>
    </failure>
  </testcase> <!-- compareText -->
  <testcase classname="functional.test.Assertion" name="closeBrowser" time="0.036"/>
</testsuite> <!-- Regression -->
